--------- beginning of /dev/log/main
06-19 20:04:50.963  2183  2185 D dalvikvm: GC_CONCURRENT freed 450K, 6% free 9809K/10375K, paused 1ms+4ms
06-19 20:04:51.624  3060  3060 V WebView : updateWebTextViewPadding
06-19 20:04:51.624  3060  3060 V WebView : updateWebTextViewPadding, paddingRect: Rect(3, 3 - 3, 3)
06-19 20:04:51.644  3060  3060 V webtextview: onTouchEvent x=0 y=0 maxX=0.0
06-19 20:04:51.694  3060  3060 V WebView : didUpdateWebTextViewDimensions: , contentBounds: Rect(10, 10 - 204, 35), vBox: Rect(15, 93 - 306, 131), visibleRect: Rect(0, 0 - 540, 850)
06-19 20:04:51.694  3060  3060 V WebView : didUpdateWebTextViewDimensions: vBox, Rect(15, 93 - 306, 131)
06-19 20:04:51.694  3060  3060 V WebView : updateWebTextViewPadding
06-19 20:04:51.694  3060  3060 V WebView : updateWebTextViewPadding, paddingRect: Rect(3, 3 - 3, 3)
06-19 20:04:51.764  2139  2143 D dalvikvm: GC_CONCURRENT freed 900K, 7% free 13045K/14023K, paused 4ms+2ms
06-19 20:04:51.794  1877  1891 D dalvikvm: GC_EXPLICIT freed 720K, 11% free 14922K/16583K, paused 12ms+7ms
06-19 20:04:51.914  1527  1650 I libblt_hw: Library opened (handle = 0, fd = 21)
06-19 20:04:51.974  3060  3060 V webtextview: onTouchEvent x=0 y=0 maxX=-297.0
06-19 20:04:51.994  1976  1978 D dalvikvm: GC_CONCURRENT freed 426K, 45% free 10913K/19591K, paused 2ms+14ms
06-19 20:04:52.004  1976  1985 W MediaPlayer-JNI: MediaPlayer finalized without being released
06-19 20:04:52.054  3060  3060 V webtextview: onTouchEvent x=0 y=0 maxX=-297.0
06-19 20:04:52.104  3060  3060 V ZoomManager: setZoomScale: 1.5, reflowText: false, force: true
06-19 20:04:52.184  3060  3060 V WebView : updateWebTextViewPadding
06-19 20:04:52.184  3060  3060 V WebView : updateWebTextViewPadding, paddingRect: Rect(3, 3 - 3, 3)
06-19 20:04:52.224  3060  3060 V WebView : didUpdateWebTextViewDimensions: , contentBounds: Rect(10, 10 - 204, 35), vBox: Rect(15, 93 - 306, 131), visibleRect: Rect(0, 0 - 540, 386)
06-19 20:04:52.224  3060  3060 V WebView : didUpdateWebTextViewDimensions: vBox, Rect(15, 93 - 306, 131)
06-19 20:04:52.234  3060  3060 V WebView : updateWebTextViewPadding
06-19 20:04:52.234  3060  3060 V WebView : updateWebTextViewPadding, paddingRect: Rect(3, 3 - 3, 3)
06-19 20:04:52.324  3060  3060 V WebView : didUpdateWebTextViewDimensions: , contentBounds: Rect(10, 10 - 204, 35), vBox: Rect(15, 93 - 306, 131), visibleRect: Rect(0, 0 - 540, 386)
06-19 20:04:52.324  3060  3060 V WebView : didUpdateWebTextViewDimensions: vBox, Rect(15, 93 - 306, 131)
06-19 20:04:52.324  3060  3060 V WebView : updateWebTextViewPadding
06-19 20:04:52.324  3060  3060 V WebView : updateWebTextViewPadding, paddingRect: Rect(3, 3 - 3, 3)
06-19 20:04:52.685  3060  3060 V WebView : didUpdateWebTextViewDimensions: , contentBounds: Rect(10, 10 - 204, 35), vBox: Rect(15, 93 - 306, 131), visibleRect: Rect(0, 0 - 540, 386)
06-19 20:04:52.685  3060  3060 V WebView : didUpdateWebTextViewDimensions: vBox, Rect(15, 93 - 306, 131)
06-19 20:04:52.685  3060  3060 V WebView : updateWebTextViewPadding
06-19 20:04:52.685  3060  3060 V WebView : updateWebTextViewPadding, paddingRect: Rect(3, 3 - 3, 3)
06-19 20:04:53.205  3060  3060 V WebView : didUpdateWebTextViewDimensions: , contentBounds: Rect(10, 10 - 204, 35), vBox: Rect(15, 93 - 306, 131), visibleRect: Rect(0, 0 - 540, 386)
06-19 20:04:53.205  3060  3060 V WebView : didUpdateWebTextViewDimensions: vBox, Rect(15, 93 - 306, 131)
06-19 20:04:53.205  3060  3060 V WebView : updateWebTextViewPadding
06-19 20:04:53.205  3060  3060 V WebView : updateWebTextViewPadding, paddingRect: Rect(3, 3 - 3, 3)
06-19 20:04:53.676  3060  3060 V WebView : didUpdateWebTextViewDimensions: , contentBounds: Rect(10, 10 - 204, 35), vBox: Rect(15, 93 - 306, 131), visibleRect: Rect(0, 0 - 540, 386)
06-19 20:04:53.676  3060  3060 V WebView : didUpdateWebTextViewDimensions: vBox, Rect(15, 93 - 306, 131)
06-19 20:04:53.676  3060  3060 V WebView : updateWebTextViewPadding
06-19 20:04:53.676  3060  3060 V WebView : updateWebTextViewPadding, paddingRect: Rect(3, 3 - 3, 3)
06-19 20:04:54.176  3060  3060 V WebView : didUpdateWebTextViewDimensions: , contentBounds: Rect(10, 10 - 204, 35), vBox: Rect(15, 93 - 306, 131), visibleRect: Rect(0, 0 - 540, 386)
06-19 20:04:54.176  3060  3060 V WebView : didUpdateWebTextViewDimensions: vBox, Rect(15, 93 - 306, 131)
06-19 20:04:54.186  3060  3060 V WebView : updateWebTextViewPadding
06-19 20:04:54.186  3060  3060 V WebView : updateWebTextViewPadding, paddingRect: Rect(3, 3 - 3, 3)
06-19 20:04:54.707  3060  3060 V WebView : didUpdateWebTextViewDimensions: , contentBounds: Rect(10, 10 - 204, 35), vBox: Rect(15, 93 - 306, 131), visibleRect: Rect(0, 0 - 540, 386)
06-19 20:04:54.707  3060  3060 V WebView : didUpdateWebTextViewDimensions: vBox, Rect(15, 93 - 306, 131)
06-19 20:04:54.707  3060  3060 V WebView : updateWebTextViewPadding
06-19 20:04:54.717  3060  3060 V WebView : updateWebTextViewPadding, paddingRect: Rect(3, 3 - 3, 3)
06-19 20:04:55.227  3060  3060 V WebView : didUpdateWebTextViewDimensions: , contentBounds: Rect(10, 10 - 204, 35), vBox: Rect(15, 93 - 306, 131), visibleRect: Rect(0, 0 - 540, 386)
06-19 20:04:55.227  3060  3060 V WebView : didUpdateWebTextViewDimensions: vBox, Rect(15, 93 - 306, 131)
06-19 20:04:55.227  3060  3060 V WebView : updateWebTextViewPadding
06-19 20:04:55.227  3060  3060 V WebView : updateWebTextViewPadding, paddingRect: Rect(3, 3 - 3, 3)
06-19 20:04:55.778  3060  3060 V WebView : didUpdateWebTextViewDimensions: , contentBounds: Rect(10, 10 - 204, 35), vBox: Rect(15, 93 - 306, 131), visibleRect: Rect(0, 0 - 540, 386)
06-19 20:04:55.778  3060  3060 V WebView : didUpdateWebTextViewDimensions: vBox, Rect(15, 93 - 306, 131)
06-19 20:04:55.778  3060  3060 V WebView : updateWebTextViewPadding
06-19 20:04:55.778  3060  3060 V WebView : updateWebTextViewPadding, paddingRect: Rect(3, 3 - 3, 3)
06-19 20:04:55.868  2183  2185 D dalvikvm: GC_CONCURRENT freed 461K, 6% free 9819K/10375K, paused 25ms+5ms
06-19 20:04:56.188  3060  3060 V WebView : didUpdateWebTextViewDimensions: , contentBounds: Rect(10, 10 - 204, 35), vBox: Rect(15, 93 - 306, 131), visibleRect: Rect(0, 0 - 540, 386)
06-19 20:04:56.188  3060  3060 V WebView : didUpdateWebTextViewDimensions: vBox, Rect(15, 93 - 306, 131)
06-19 20:04:56.188  3060  3060 V WebView : updateWebTextViewPadding
06-19 20:04:56.188  3060  3060 V WebView : updateWebTextViewPadding, paddingRect: Rect(3, 3 - 3, 3)
06-19 20:04:56.729  3060  3060 V WebView : didUpdateWebTextViewDimensions: , contentBounds: Rect(10, 10 - 204, 35), vBox: Rect(15, 93 - 306, 131), visibleRect: Rect(0, 0 - 540, 386)
06-19 20:04:56.729  3060  3060 V WebView : didUpdateWebTextViewDimensions: vBox, Rect(15, 93 - 306, 131)
06-19 20:04:56.729  3060  3060 V WebView : updateWebTextViewPadding
06-19 20:04:56.729  3060  3060 V WebView : updateWebTextViewPadding, paddingRect: Rect(3, 3 - 3, 3)
06-19 20:04:56.889  2085  2144 D StorageMonitor: mms freeMem:27672576, smslowflag:false,mmslowflag:false,smsThrehold:10240,mmsThreshold:317440
06-19 20:04:57.229  3060  3060 V WebView : didUpdateWebTextViewDimensions: , contentBounds: Rect(10, 10 - 204, 35), vBox: Rect(15, 93 - 306, 131), visibleRect: Rect(0, 0 - 540, 386)
06-19 20:04:57.229  3060  3060 V WebView : didUpdateWebTextViewDimensions: vBox, Rect(15, 93 - 306, 131)
06-19 20:04:57.229  3060  3060 V WebView : updateWebTextViewPadding
06-19 20:04:57.229  3060  3060 V WebView : updateWebTextViewPadding, paddingRect: Rect(3, 3 - 3, 3)
06-19 20:04:57.730  3060  3060 V WebView : didUpdateWebTextViewDimensions: , contentBounds: Rect(10, 10 - 204, 35), vBox: Rect(15, 93 - 306, 131), visibleRect: Rect(0, 0 - 540, 386)
06-19 20:04:57.730  3060  3060 V WebView : didUpdateWebTextViewDimensions: vBox, Rect(15, 93 - 306, 131)
06-19 20:04:57.730  3060  3060 V WebView : updateWebTextViewPadding
06-19 20:04:57.730  3060  3060 V WebView : updateWebTextViewPadding, paddingRect: Rect(3, 3 - 3, 3)
06-19 20:04:58.240  3060  3060 V WebView : didUpdateWebTextViewDimensions: , contentBounds: Rect(10, 10 - 204, 35), vBox: Rect(15, 93 - 306, 131), visibleRect: Rect(0, 0 - 540, 386)
06-19 20:04:58.240  3060  3060 V WebView : didUpdateWebTextViewDimensions: vBox, Rect(15, 93 - 306, 131)
06-19 20:04:58.240  3060  3060 V WebView : updateWebTextViewPadding
06-19 20:04:58.240  3060  3060 V WebView : updateWebTextViewPadding, paddingRect: Rect(3, 3 - 3, 3)
06-19 20:04:58.731  3060  3060 V WebView : didUpdateWebTextViewDimensions: , contentBounds: Rect(10, 10 - 204, 35), vBox: Rect(15, 93 - 306, 131), visibleRect: Rect(0, 0 - 540, 386)
06-19 20:04:58.731  3060  3060 V WebView : didUpdateWebTextViewDimensions: vBox, Rect(15, 93 - 306, 131)
06-19 20:04:58.741  3060  3060 V WebView : updateWebTextViewPadding
06-19 20:04:58.741  3060  3060 V WebView : updateWebTextViewPadding, paddingRect: Rect(3, 3 - 3, 3)
