
################################################################################

V/webview (  316): MotionEvent{43db7c68 action=0 x=115.0 y=151.0 pressure=0.0 size=0.0} at 386039 mTouchMode=7
V/webcore (  316): UPDATE_FRAME_CACHE_IF_LOADING arg1=0 arg2=0 obj=null
V/webview (  316): MotionEvent{43db7c68 action=1 x=115.0 y=151.0 pressure=0.0 size=0.0} at 386174 mTouchMode=1
V/webcore (  316): WEBKIT_DRAW arg1=0 arg2=0 obj=null
V/webcore (  316): webkitDraw start
V/webview (  316): RELEASE_SINGLE_TAP
V/webcore (  316): VALID_NODE_BOUNDS arg1=0 arg2=0 obj=android.webkit.WebViewCore$MotionUpData@43ec5040
V/webview (  316): DO_MOTION_UP
V/webcore (  316): TOUCH_UP arg1=0 arg2=0 obj=android.webkit.WebViewCore$TouchUpData@43ec54f0
V/webview (  316): UPDATE_TEXT_SELECTION_MSG_ID

V/webview (  316): rebuildWebTextView null == text

################################################################################

V/webview (  316): MotionEvent{43e04eb8 action=0 x=143.0 y=140.0 pressure=0.0 size=0.0} at 203404 mTouchMode=3
V/webcore (  316): UPDATE_FRAME_CACHE_IF_LOADING arg1=0 arg2=0 obj=null
V/webview (  316): MotionEvent{43e04eb8 action=1 x=143.0 y=140.0 pressure=0.0 size=0.0} at 203547 mTouchMode=1
V/webview (  316): RELEASE_SINGLE_TAP
V/webcore (  316): VALID_NODE_BOUNDS arg1=0 arg2=0 obj=android.webkit.WebViewCore$MotionUpData@43df7280
V/webview (  316): DO_MOTION_UP
V/webcore (  316): TOUCH_UP arg1=0 arg2=0 obj=android.webkit.WebViewCore$TouchUpData@43df7730
V/webcore (  316): WEBKIT_DRAW arg1=0 arg2=0 obj=null
V/webcore (  316): webkitDraw start
V/webview (  316): REQUEST_KEYBOARD_WITH_SELECTION_MSG_ID
V/webview (  316): rebuildWebTextView null == text
V/webview (  316): MT focusChanged false, 0
V/webcore (  316): webkitDraw NEW_PICTURE_MSG_ID
V/webcore (  316): REQUEST_LABEL arg1=2570680 arg2=4089240 obj=null
V/webview (  316): NEW_PICTURE_MSG_ID
V/webview (  316): NEW_PICTURE_MSG_ID {606,506,821,541}
V/webcore (  316): SET_SCROLL_OFFSET arg1=0 arg2=0 obj=Point(562, 388)
V/webcore (  316): WEBKIT_DRAW arg1=0 arg2=0 obj=null
V/webcore (  316): webkitDraw start
V/webview (  316): sendOurVisibleRect=(0,25,r=320,b=258
V/webcore (  316): webkitDraw NEW_PICTURE_MSG_ID
V/webview (  316): NEW_PICTURE_MSG_ID
V/webview (  316): NEW_PICTURE_MSG_ID {0,0,960,1365}
V/webcore (  316): SET_GLOBAL_BOUNDS arg1=0 arg2=0 obj=Rect(0, 25 - 320, 258)
V/webcore (  316): VIEW_SIZE_CHANGED arg1=0 arg2=0 obj=android.webkit.WebView$ViewSizeData@43e91a40
V/webcore (  316): viewSizeChanged w=320; h=233; textwrapWidth=320; scale=1.0
V/webcore (  316): WEBKIT_DRAW arg1=0 arg2=0 obj=null
V/webcore (  316): webkitDraw start
V/webcore (  316): webkitDraw NEW_PICTURE_MSG_ID
V/webview (  316): NEW_PICTURE_MSG_ID
V/webview (  316): NEW_PICTURE_MSG_ID {0,0,960,720}
V/webcore (  316): UPDATE_CACHE_AND_TEXT_ENTRY arg1=0 arg2=0 obj=null
E/webtextview(  316): WebTextView.remove backtrace:
E/webtextview(  316): java.lang.Exception
E/webtextview(  316): 	at android.webkit.WebTextView.remove(WebTextView.java:581)
E/webtextview(  316): 	at android.webkit.WebView.didUpdateTextViewBounds(WebView.java:3342)
E/webtextview(  316): 	at android.webkit.WebView.drawCoreAndCursorRing(WebView.java:3489)
E/webtextview(  316): 	at android.webkit.WebView.drawContent(WebView.java:3231)
E/webtextview(  316): 	at android.webkit.WebView.onDraw(WebView.java:3254)
E/webtextview(  316): 	at android.view.View.draw(View.java:6740)
E/webtextview(  316): 	at android.view.ViewGroup.drawChild(ViewGroup.java:1640)
E/webtextview(  316): 	at android.view.ViewGroup.dispatchDraw(ViewGroup.java:1367)
E/webtextview(  316): 	at android.view.ViewGroup.drawChild(ViewGroup.java:1638)
E/webtextview(  316): 	at android.view.ViewGroup.dispatchDraw(ViewGroup.java:1367)
E/webtextview(  316): 	at android.view.ViewGroup.drawChild(ViewGroup.java:1638)
E/webtextview(  316): 	at android.view.ViewGroup.dispatchDraw(ViewGroup.java:1367)
E/webtextview(  316): 	at android.view.ViewGroup.drawChild(ViewGroup.java:1638)
E/webtextview(  316): 	at android.view.ViewGroup.dispatchDraw(ViewGroup.java:1367)
E/webtextview(  316): 	at android.view.ViewGroup.drawChild(ViewGroup.java:1638)
E/webtextview(  316): 	at android.view.ViewGroup.dispatchDraw(ViewGroup.java:1367)
E/webtextview(  316): 	at android.view.ViewGroup.drawChild(ViewGroup.java:1638)
E/webtextview(  316): 	at android.view.ViewGroup.dispatchDraw(ViewGroup.java:1367)
E/webtextview(  316): 	at android.view.ViewGroup.drawChild(ViewGroup.java:1638)
E/webtextview(  316): 	at android.view.ViewGroup.dispatchDraw(ViewGroup.java:1367)
E/webtextview(  316): 	at android.view.View.draw(View.java:6743)
E/webtextview(  316): 	at android.widget.FrameLayout.draw(FrameLayout.java:352)
E/webtextview(  316): 	at com.android.internal.policy.impl.PhoneWindow$DecorView.draw(PhoneWindow.java:1842)
E/webtextview(  316): 	at android.view.ViewRoot.draw(ViewRoot.java:1407)
E/webtextview(  316): 	at android.view.ViewRoot.performTraversals(ViewRoot.java:1163)
E/webtextview(  316): 	at android.view.ViewRoot.handleMessage(ViewRoot.java:1727)
E/webtextview(  316): 	at android.os.Handler.dispatchMessage(Handler.java:99)
E/webtextview(  316): 	at android.os.Looper.loop(Looper.java:123)
E/webtextview(  316): 	at android.app.ActivityThread.main(ActivityThread.java:4627)
E/webtextview(  316): 	at java.lang.reflect.Method.invokeNative(Native Method)
E/webtextview(  316): 	at java.lang.reflect.Method.invoke(Method.java:521)
E/webtextview(  316): 	at com.android.internal.os.ZygoteInit$MethodAndArgsCaller.run(ZygoteInit.java:868)
E/webtextview(  316): 	at com.android.internal.os.ZygoteInit.main(ZygoteInit.java:626)
E/webtextview(  316): 	at dalvik.system.NativeStart.main(Native Method)
V/webview (  316): MT focusChanged true, 2

